[19:32:06] [WARN] Crucible entry for Саженец дуба with meta 0 already exists, skipping.
[19:32:06] [WARN] Crucible entry for Еловый саженец with meta 1 already exists, skipping.
[19:32:06] [WARN] Crucible entry for Саженец берёзы with meta 2 already exists, skipping.
[19:32:06] [WARN] Crucible entry for Саженец тропического дерева with meta 3 already exists, skipping.
[19:32:06] [WARN] Crucible entry for Саженец акации with meta 4 already exists, skipping.
[19:32:06] [WARN] Crucible entry for Саженец тёмного дуба with meta 5 already exists, skipping.
[19:32:06] [WARN] Crucible entry for Яблоко with meta 0 already exists, skipping.
[19:32:09] [INFO] Enabled support for The One Probe
[19:32:20] [INFO] ModConfig Loaded: true
[19:32:20] [INFO] JEI: Compost Recipe Pages Loaded:         5
[19:32:20] [INFO] JEI: Fluid Item Transform Recipes Loaded:       26
[19:32:20] [INFO] JEI: Fluid On Top Recipes Loaded:       2
[19:32:20] [INFO] JEI: Fluid Transform Recipes Loaded:    1
[19:32:20] [INFO] JEI: Hammer Recipes Loaded:             43
[19:32:20] [INFO] JEI: Crook Recipes Loaded:              12
[19:32:20] [INFO] JEI: Heat Sources Loaded:             19
[19:32:20] [INFO] JEI: Sieve Recipes Loaded:              59
[19:32:20] [INFO] JEI: Stone Crucible Recipes Loaded:       3
[19:32:20] [INFO] JEI: Wood Crucible Recipes Loaded:        1
[19:32:20] [INFO] Registered Crook Catalyst: enderio:item_dark_steel_crook
[19:32:20] [INFO] Registered Hammer Catalyst: exnihilocreatio:hammer_wood
[19:32:20] [INFO] Registered Hammer Catalyst: exnihilocreatio:hammer_stone
[19:32:20] [INFO] Registered Hammer Catalyst: exnihilocreatio:hammer_iron
[19:32:20] [INFO] Registered Hammer Catalyst: exnihilocreatio:hammer_diamond
[19:32:20] [INFO] Registered Hammer Catalyst: exnihilocreatio:hammer_gold
[19:32:20] [INFO] Registered Crook Catalyst: exnihilocreatio:crook_wood
[19:32:20] [INFO] Registered Crook Catalyst: exnihilocreatio:crook_stone
[19:32:20] [INFO] Registered Crook Catalyst: exnihilocreatio:crook_andesite
[19:32:20] [INFO] Registered Crook Catalyst: exnihilocreatio:crook_granite
[19:32:20] [INFO] Registered Crook Catalyst: exnihilocreatio:crook_diorite
[19:32:20] [INFO] Registered Crook Catalyst: exnihilocreatio:crook_gold
[19:32:20] [INFO] Registered Crook Catalyst: exnihilocreatio:crook_iron
[19:32:20] [INFO] Registered Crook Catalyst: exnihilocreatio:crook_diamond
[19:32:20] [INFO] Registered Crook Catalyst: exnihilocreatio:crook_bone
[19:32:20] [INFO] Registered Crook Catalyst: exnihilocreatio:crook_clay_uncooked
[19:32:20] [INFO] Registered Crook Catalyst: exnihilocreatio:crook_clay
[19:32:20] [INFO] Registered Crook Catalyst: exnihilocreatio:crook_prismarine
[19:32:20] [INFO] Registered Crook Catalyst: exnihilocreatio:crook_netherrack
[19:32:20] [INFO] Registered Crook Catalyst: exnihilocreatio:crook_purpur
[19:32:20] [INFO] Registered Crook Catalyst: exnihilocreatio:crook_blaze
[19:32:20] [INFO] Registered Crook Catalyst: excompressum:compressed_crook
[19:49:51] [INFO] ModConfig Loaded: true
[19:49:51] [INFO] JEI: Compost Recipe Pages Loaded:         5
[19:49:51] [INFO] JEI: Fluid Item Transform Recipes Loaded:       26
[19:49:51] [INFO] JEI: Fluid On Top Recipes Loaded:       2
[19:49:51] [INFO] JEI: Fluid Transform Recipes Loaded:    1
[19:49:51] [INFO] JEI: Hammer Recipes Loaded:             43
[19:49:51] [INFO] JEI: Crook Recipes Loaded:              12
[19:49:51] [INFO] JEI: Heat Sources Loaded:             19
[19:49:51] [INFO] JEI: Sieve Recipes Loaded:              59
[19:49:51] [INFO] JEI: Stone Crucible Recipes Loaded:       3
[19:49:51] [INFO] JEI: Wood Crucible Recipes Loaded:        1
[19:49:51] [INFO] Registered Crook Catalyst: enderio:item_dark_steel_crook
[19:49:52] [INFO] Registered Hammer Catalyst: exnihilocreatio:hammer_wood
[19:49:52] [INFO] Registered Hammer Catalyst: exnihilocreatio:hammer_stone
[19:49:52] [INFO] Registered Hammer Catalyst: exnihilocreatio:hammer_iron
[19:49:52] [INFO] Registered Hammer Catalyst: exnihilocreatio:hammer_diamond
[19:49:52] [INFO] Registered Hammer Catalyst: exnihilocreatio:hammer_gold
[19:49:52] [INFO] Registered Crook Catalyst: exnihilocreatio:crook_wood
[19:49:52] [INFO] Registered Crook Catalyst: exnihilocreatio:crook_stone
[19:49:52] [INFO] Registered Crook Catalyst: exnihilocreatio:crook_andesite
[19:49:52] [INFO] Registered Crook Catalyst: exnihilocreatio:crook_granite
[19:49:52] [INFO] Registered Crook Catalyst: exnihilocreatio:crook_diorite
[19:49:52] [INFO] Registered Crook Catalyst: exnihilocreatio:crook_gold
[19:49:52] [INFO] Registered Crook Catalyst: exnihilocreatio:crook_iron
[19:49:52] [INFO] Registered Crook Catalyst: exnihilocreatio:crook_diamond
[19:49:52] [INFO] Registered Crook Catalyst: exnihilocreatio:crook_bone
[19:49:52] [INFO] Registered Crook Catalyst: exnihilocreatio:crook_clay_uncooked
[19:49:52] [INFO] Registered Crook Catalyst: exnihilocreatio:crook_clay
[19:49:52] [INFO] Registered Crook Catalyst: exnihilocreatio:crook_prismarine
[19:49:52] [INFO] Registered Crook Catalyst: exnihilocreatio:crook_netherrack
[19:49:52] [INFO] Registered Crook Catalyst: exnihilocreatio:crook_purpur
[19:49:52] [INFO] Registered Crook Catalyst: exnihilocreatio:crook_blaze
[19:49:52] [INFO] Registered Crook Catalyst: excompressum:compressed_crook
[19:52:15] [INFO] ModConfig Loaded: true
[19:52:15] [INFO] JEI: Compost Recipe Pages Loaded:         5
[19:52:15] [INFO] JEI: Fluid Item Transform Recipes Loaded:       26
[19:52:15] [INFO] JEI: Fluid On Top Recipes Loaded:       2
[19:52:15] [INFO] JEI: Fluid Transform Recipes Loaded:    1
[19:52:15] [INFO] JEI: Hammer Recipes Loaded:             43
[19:52:15] [INFO] JEI: Crook Recipes Loaded:              12
[19:52:15] [INFO] JEI: Heat Sources Loaded:             19
[19:52:15] [INFO] JEI: Sieve Recipes Loaded:              59
[19:52:15] [INFO] JEI: Stone Crucible Recipes Loaded:       3
[19:52:15] [INFO] JEI: Wood Crucible Recipes Loaded:        1
[19:52:15] [INFO] Registered Crook Catalyst: enderio:item_dark_steel_crook
[19:52:15] [INFO] Registered Hammer Catalyst: exnihilocreatio:hammer_wood
[19:52:15] [INFO] Registered Hammer Catalyst: exnihilocreatio:hammer_stone
[19:52:15] [INFO] Registered Hammer Catalyst: exnihilocreatio:hammer_iron
[19:52:15] [INFO] Registered Hammer Catalyst: exnihilocreatio:hammer_diamond
[19:52:15] [INFO] Registered Hammer Catalyst: exnihilocreatio:hammer_gold
[19:52:15] [INFO] Registered Crook Catalyst: exnihilocreatio:crook_wood
[19:52:15] [INFO] Registered Crook Catalyst: exnihilocreatio:crook_stone
[19:52:15] [INFO] Registered Crook Catalyst: exnihilocreatio:crook_andesite
[19:52:15] [INFO] Registered Crook Catalyst: exnihilocreatio:crook_granite
[19:52:15] [INFO] Registered Crook Catalyst: exnihilocreatio:crook_diorite
[19:52:15] [INFO] Registered Crook Catalyst: exnihilocreatio:crook_gold
[19:52:15] [INFO] Registered Crook Catalyst: exnihilocreatio:crook_iron
[19:52:15] [INFO] Registered Crook Catalyst: exnihilocreatio:crook_diamond
[19:52:15] [INFO] Registered Crook Catalyst: exnihilocreatio:crook_bone
[19:52:15] [INFO] Registered Crook Catalyst: exnihilocreatio:crook_clay_uncooked
[19:52:15] [INFO] Registered Crook Catalyst: exnihilocreatio:crook_clay
[19:52:15] [INFO] Registered Crook Catalyst: exnihilocreatio:crook_prismarine
[19:52:15] [INFO] Registered Crook Catalyst: exnihilocreatio:crook_netherrack
[19:52:15] [INFO] Registered Crook Catalyst: exnihilocreatio:crook_purpur
[19:52:15] [INFO] Registered Crook Catalyst: exnihilocreatio:crook_blaze
[19:52:15] [INFO] Registered Crook Catalyst: excompressum:compressed_crook
