[21:08:22] [WARN] Crucible entry for Саженец дуба with meta 0 already exists, skipping.
[21:08:22] [WARN] Crucible entry for Еловый саженец with meta 1 already exists, skipping.
[21:08:22] [WARN] Crucible entry for Саженец берёзы with meta 2 already exists, skipping.
[21:08:22] [WARN] Crucible entry for Саженец тропического дерева with meta 3 already exists, skipping.
[21:08:22] [WARN] Crucible entry for Саженец акации with meta 4 already exists, skipping.
[21:08:22] [WARN] Crucible entry for Саженец тёмного дуба with meta 5 already exists, skipping.
[21:08:22] [WARN] Crucible entry for Яблоко with meta 0 already exists, skipping.
[21:08:24] [INFO] Enabled support for The One Probe
[21:08:33] [INFO] ModConfig Loaded: true
[21:08:33] [INFO] JEI: Compost Recipe Pages Loaded:         5
[21:08:33] [INFO] JEI: Fluid Item Transform Recipes Loaded:       26
[21:08:33] [INFO] JEI: Fluid On Top Recipes Loaded:       2
[21:08:33] [INFO] JEI: Fluid Transform Recipes Loaded:    1
[21:08:33] [INFO] JEI: Hammer Recipes Loaded:             43
[21:08:33] [INFO] JEI: Crook Recipes Loaded:              12
[21:08:33] [INFO] JEI: Heat Sources Loaded:             19
[21:08:33] [INFO] JEI: Sieve Recipes Loaded:              59
[21:08:33] [INFO] JEI: Stone Crucible Recipes Loaded:       3
[21:08:33] [INFO] JEI: Wood Crucible Recipes Loaded:        1
[21:08:33] [INFO] Registered Crook Catalyst: enderio:item_dark_steel_crook
[21:08:33] [INFO] Registered Hammer Catalyst: exnihilocreatio:hammer_wood
[21:08:33] [INFO] Registered Hammer Catalyst: exnihilocreatio:hammer_stone
[21:08:33] [INFO] Registered Hammer Catalyst: exnihilocreatio:hammer_iron
[21:08:33] [INFO] Registered Hammer Catalyst: exnihilocreatio:hammer_diamond
[21:08:33] [INFO] Registered Hammer Catalyst: exnihilocreatio:hammer_gold
[21:08:33] [INFO] Registered Crook Catalyst: exnihilocreatio:crook_wood
[21:08:33] [INFO] Registered Crook Catalyst: exnihilocreatio:crook_stone
[21:08:33] [INFO] Registered Crook Catalyst: exnihilocreatio:crook_andesite
[21:08:33] [INFO] Registered Crook Catalyst: exnihilocreatio:crook_granite
[21:08:33] [INFO] Registered Crook Catalyst: exnihilocreatio:crook_diorite
[21:08:33] [INFO] Registered Crook Catalyst: exnihilocreatio:crook_gold
[21:08:33] [INFO] Registered Crook Catalyst: exnihilocreatio:crook_iron
[21:08:33] [INFO] Registered Crook Catalyst: exnihilocreatio:crook_diamond
[21:08:33] [INFO] Registered Crook Catalyst: exnihilocreatio:crook_bone
[21:08:33] [INFO] Registered Crook Catalyst: exnihilocreatio:crook_clay_uncooked
[21:08:33] [INFO] Registered Crook Catalyst: exnihilocreatio:crook_clay
[21:08:33] [INFO] Registered Crook Catalyst: exnihilocreatio:crook_prismarine
[21:08:33] [INFO] Registered Crook Catalyst: exnihilocreatio:crook_netherrack
[21:08:33] [INFO] Registered Crook Catalyst: exnihilocreatio:crook_purpur
[21:08:33] [INFO] Registered Crook Catalyst: exnihilocreatio:crook_blaze
[21:08:33] [INFO] Registered Crook Catalyst: excompressum:compressed_crook
