[09:11:38] [WARN] Crucible entry for Саженец дуба with meta 0 already exists, skipping.
[09:11:38] [WARN] Crucible entry for Еловый саженец with meta 1 already exists, skipping.
[09:11:38] [WARN] Crucible entry for Саженец берёзы with meta 2 already exists, skipping.
[09:11:38] [WARN] Crucible entry for Саженец тропического дерева with meta 3 already exists, skipping.
[09:11:38] [WARN] Crucible entry for Саженец акации with meta 4 already exists, skipping.
[09:11:38] [WARN] Crucible entry for Саженец тёмного дуба with meta 5 already exists, skipping.
[09:11:38] [WARN] Crucible entry for Яблоко with meta 0 already exists, skipping.
[09:11:40] [INFO] Enabled support for The One Probe
[09:11:50] [INFO] ModConfig Loaded: true
[09:11:50] [INFO] JEI: Compost Recipe Pages Loaded:         5
[09:11:50] [INFO] JEI: Fluid Item Transform Recipes Loaded:       26
[09:11:50] [INFO] JEI: Fluid On Top Recipes Loaded:       2
[09:11:50] [INFO] JEI: Fluid Transform Recipes Loaded:    1
[09:11:50] [INFO] JEI: Hammer Recipes Loaded:             43
[09:11:50] [INFO] JEI: Crook Recipes Loaded:              12
[09:11:50] [INFO] JEI: Heat Sources Loaded:             19
[09:11:50] [INFO] JEI: Sieve Recipes Loaded:              59
[09:11:50] [INFO] JEI: Stone Crucible Recipes Loaded:       3
[09:11:50] [INFO] JEI: Wood Crucible Recipes Loaded:        1
[09:11:50] [INFO] Registered Crook Catalyst: enderio:item_dark_steel_crook
[09:11:50] [INFO] Registered Hammer Catalyst: exnihilocreatio:hammer_wood
[09:11:50] [INFO] Registered Hammer Catalyst: exnihilocreatio:hammer_stone
[09:11:50] [INFO] Registered Hammer Catalyst: exnihilocreatio:hammer_iron
[09:11:50] [INFO] Registered Hammer Catalyst: exnihilocreatio:hammer_diamond
[09:11:50] [INFO] Registered Hammer Catalyst: exnihilocreatio:hammer_gold
[09:11:50] [INFO] Registered Crook Catalyst: exnihilocreatio:crook_wood
[09:11:50] [INFO] Registered Crook Catalyst: exnihilocreatio:crook_stone
[09:11:50] [INFO] Registered Crook Catalyst: exnihilocreatio:crook_andesite
[09:11:50] [INFO] Registered Crook Catalyst: exnihilocreatio:crook_granite
[09:11:50] [INFO] Registered Crook Catalyst: exnihilocreatio:crook_diorite
[09:11:50] [INFO] Registered Crook Catalyst: exnihilocreatio:crook_gold
[09:11:50] [INFO] Registered Crook Catalyst: exnihilocreatio:crook_iron
[09:11:50] [INFO] Registered Crook Catalyst: exnihilocreatio:crook_diamond
[09:11:50] [INFO] Registered Crook Catalyst: exnihilocreatio:crook_bone
[09:11:50] [INFO] Registered Crook Catalyst: exnihilocreatio:crook_clay_uncooked
[09:11:50] [INFO] Registered Crook Catalyst: exnihilocreatio:crook_clay
[09:11:50] [INFO] Registered Crook Catalyst: exnihilocreatio:crook_prismarine
[09:11:50] [INFO] Registered Crook Catalyst: exnihilocreatio:crook_netherrack
[09:11:50] [INFO] Registered Crook Catalyst: exnihilocreatio:crook_purpur
[09:11:50] [INFO] Registered Crook Catalyst: exnihilocreatio:crook_blaze
[09:11:50] [INFO] Registered Crook Catalyst: excompressum:compressed_crook
