[22:41:51] [WARN] Crucible entry for Саженец дуба with meta 0 already exists, skipping.
[22:41:51] [WARN] Crucible entry for Еловый саженец with meta 1 already exists, skipping.
[22:41:51] [WARN] Crucible entry for Саженец берёзы with meta 2 already exists, skipping.
[22:41:51] [WARN] Crucible entry for Саженец тропического дерева with meta 3 already exists, skipping.
[22:41:51] [WARN] Crucible entry for Саженец акации with meta 4 already exists, skipping.
[22:41:51] [WARN] Crucible entry for Саженец тёмного дуба with meta 5 already exists, skipping.
[22:41:51] [WARN] Crucible entry for Яблоко with meta 0 already exists, skipping.
[22:41:53] [INFO] Enabled support for The One Probe
[22:42:01] [INFO] ModConfig Loaded: true
[22:42:01] [INFO] JEI: Compost Recipe Pages Loaded:         5
[22:42:01] [INFO] JEI: Fluid Item Transform Recipes Loaded:       26
[22:42:01] [INFO] JEI: Fluid On Top Recipes Loaded:       2
[22:42:01] [INFO] JEI: Fluid Transform Recipes Loaded:    1
[22:42:01] [INFO] JEI: Hammer Recipes Loaded:             43
[22:42:01] [INFO] JEI: Crook Recipes Loaded:              12
[22:42:01] [INFO] JEI: Heat Sources Loaded:             19
[22:42:01] [INFO] JEI: Sieve Recipes Loaded:              59
[22:42:01] [INFO] JEI: Stone Crucible Recipes Loaded:       3
[22:42:01] [INFO] JEI: Wood Crucible Recipes Loaded:        1
[22:42:02] [INFO] Registered Crook Catalyst: enderio:item_dark_steel_crook
[22:42:02] [INFO] Registered Hammer Catalyst: exnihilocreatio:hammer_wood
[22:42:02] [INFO] Registered Hammer Catalyst: exnihilocreatio:hammer_stone
[22:42:02] [INFO] Registered Hammer Catalyst: exnihilocreatio:hammer_iron
[22:42:02] [INFO] Registered Hammer Catalyst: exnihilocreatio:hammer_diamond
[22:42:02] [INFO] Registered Hammer Catalyst: exnihilocreatio:hammer_gold
[22:42:02] [INFO] Registered Crook Catalyst: exnihilocreatio:crook_wood
[22:42:02] [INFO] Registered Crook Catalyst: exnihilocreatio:crook_stone
[22:42:02] [INFO] Registered Crook Catalyst: exnihilocreatio:crook_andesite
[22:42:02] [INFO] Registered Crook Catalyst: exnihilocreatio:crook_granite
[22:42:02] [INFO] Registered Crook Catalyst: exnihilocreatio:crook_diorite
[22:42:02] [INFO] Registered Crook Catalyst: exnihilocreatio:crook_gold
[22:42:02] [INFO] Registered Crook Catalyst: exnihilocreatio:crook_iron
[22:42:02] [INFO] Registered Crook Catalyst: exnihilocreatio:crook_diamond
[22:42:02] [INFO] Registered Crook Catalyst: exnihilocreatio:crook_bone
[22:42:02] [INFO] Registered Crook Catalyst: exnihilocreatio:crook_clay_uncooked
[22:42:02] [INFO] Registered Crook Catalyst: exnihilocreatio:crook_clay
[22:42:02] [INFO] Registered Crook Catalyst: exnihilocreatio:crook_prismarine
[22:42:02] [INFO] Registered Crook Catalyst: exnihilocreatio:crook_netherrack
[22:42:02] [INFO] Registered Crook Catalyst: exnihilocreatio:crook_purpur
[22:42:02] [INFO] Registered Crook Catalyst: exnihilocreatio:crook_blaze
[22:42:02] [INFO] Registered Crook Catalyst: excompressum:compressed_crook
